2025-09-16 15:54:01,500 INFO:main.py:246:print_splash_screen:PDB2PQR v3.7.1: biomolecular structure conversion software.
2025-09-16 15:54:01,500 INFO:main.py:248:print_splash_screen:Please cite:  Jurrus E, et al.  Improvements to the APBS biomolecular solvation software suite.  Protein Sci 27 112-128 (2018).
2025-09-16 15:54:01,501 INFO:main.py:248:print_splash_screen:Please cite:  Dolinsky TJ, et al.  PDB2PQR: expanding and upgrading automated preparation of biomolecular structures for molecular simulations. Nucleic Acids Res 35 W522-W525 (2007).
2025-09-16 15:54:01,501 INFO:main.py:770:main_driver:Checking and transforming input arguments.
2025-09-16 15:54:01,503 INFO:main.py:774:main_driver:Loading topology files.
2025-09-16 15:54:01,547 INFO:main.py:776:main_driver:Loading molecule: 2hdr/2hdr_protein.pdb
2025-09-16 15:54:01,547 ERROR:pdb.py:2587:read_pdb:Error parsing line: invalid literal for int() with base 10: ''
2025-09-16 15:54:01,547 ERROR:pdb.py:2588:read_pdb:<REMARK    GENERATED BY X-TOOL on Sun Jun  3 12:43:10 2007>
2025-09-16 15:54:01,548 ERROR:pdb.py:2589:read_pdb:Truncating remaining errors for record type:REMARK
2025-09-16 15:54:01,570 WARNING:io.py:474:get_molecule:Warning: 2hdr/2hdr_protein.pdb is a non-standard PDB file.

2025-09-16 15:54:01,570 ERROR:io.py:475:get_molecule:['REMARK']
2025-09-16 15:54:01,570 INFO:main.py:781:main_driver:Setting up molecule.
2025-09-16 15:54:01,596 INFO:main.py:423:setup_molecule:Created biomolecule object with 539 residues and 5685 atoms.
2025-09-16 15:54:01,597 INFO:main.py:785:main_driver:Setting termini states for biomolecule chains.
2025-09-16 15:54:01,606 WARNING:biomolecule.py:618:update_bonds:Gap in backbone detected between ILE A 284 and ILE A 291!
2025-09-16 15:54:01,606 INFO:main.py:616:non_trivial:Loading forcefield.
2025-09-16 15:54:01,613 INFO:main.py:620:non_trivial:Loading hydrogen topology definitions.
2025-09-16 15:54:01,617 INFO:main.py:474:is_repairable:This biomolecule is clean.  No repair needed.
2025-09-16 15:54:01,617 INFO:main.py:635:non_trivial:Updating disulfide bridges.
2025-09-16 15:54:01,617 INFO:main.py:661:non_trivial:Adding hydrogens to biomolecule.
2025-09-16 15:54:01,620 INFO:main.py:666:non_trivial:Optimizing hydrogen bonds
2025-09-16 15:54:01,620 INFO:__init__.py:375:initialize_wat_optimization:Initializing water bonding optimization...
2025-09-16 15:54:01,689 CRITICAL:main.py:811:main_driver:Found gap in biomolecule structure for atom ATOM      2  HN1 ALA     4      24.917 -21.528  34.003  0.0000 0.0000
2025-09-16 15:54:01,689 CRITICAL:main.py:812:main_driver:Giving up.
